-------------------------------------------------------------------------------
Test set: trees.example.ValidBstTest
-------------------------------------------------------------------------------
Tests run: 2, Failures: 1, Errors: 0, Skipped: 0, Time elapsed: 0.003 s <<< FAILURE! - in trees.example.ValidBstTest
testInValidBst(trees.example.ValidBstTest)  Time elapsed: 0.001 s  <<< FAILURE!
java.lang.AssertionError
	at trees.example.ValidBstTest.testInValidBst(ValidBstTest.java:49)

